<?xml version="1.0" encoding="UTF-8"?>
<testsuite name="uTest platform" tests="1" skipped="0" failures="0" errors="0" timestamp="2020-11-30T20:05:27" hostname="CHMEPPF1CNCGZ" time="30.819">
  <properties/>
  <testcase name="Registry on the uTest platform" classname="uTest platform" time="30.819"/>
  <system-out><![CDATA[]]></system-out>
  <system-err><![CDATA[[Test worker] WARN net.thucydides.core.steps.BaseStepListener - stepStarted: net.thucydides.core.steps.ExecutedStepDescription@5a39e083
[Test worker] WARN net.thucydides.core.steps.BaseStepListener - stepStarted: net.thucydides.core.steps.ExecutedStepDescription@5968c138
[Test worker] WARN net.thucydides.core.steps.BaseStepListener - stepStarted: net.thucydides.core.steps.ExecutedStepDescription@3b863730
nov 30, 2020 3:05:28 PM org.openqa.selenium.remote.DesiredCapabilities chrome
INFORMACIÓN: Using `new ChromeOptions()` is preferred to `DesiredCapabilities.chrome()`
[Test worker] INFO net.serenitybdd.core.webdriver.driverproviders.ProvideNewDriver - Instantiating driver
[Test worker] INFO net.serenitybdd.core.webdriver.driverproviders.ProvideNewDriver - Driver capabilities: Capabilities {acceptInsecureCerts: false, browserName: chrome, chrome.switches: --start-maximized, goog:chromeOptions: {args: [--start-maximized], extensions: []}, loggingPrefs: org.openqa.selenium.logging..., platform: ANY, version: }
Starting ChromeDriver 87.0.4280.20 (c99e81631faa0b2a448e658c0dbd8311fb04ddbd-refs/branch-heads/4280@{#355}) on port 21691
Only local connections are allowed.
Please see https://chromedriver.chromium.org/security-considerations for suggestions on keeping ChromeDriver safe.
ChromeDriver was started successfully.
nov 30, 2020 3:05:33 PM org.openqa.selenium.remote.ProtocolHandshake createSession
INFORMACIÓN: Detected dialect: W3C
[Test worker] WARN net.thucydides.core.steps.BaseStepListener - stepFinished: current outcome:Registry on the uTest platform:Example: {firstName=Ana, lastName=Medina, email=anamedinavill@gmail.com, dateOfBirth=August-12-1994, city=Bogota, postalCode=123, country=Colombia, computer=Windows, version=XP, lenguage=Spanish, password=AnaMedina12345621, confirmPassword=AnaMedina12345621} [Given that Rose want to subscribe to the uTest platform [Rose open up [Rose opens the Open up page]]]
[Test worker] WARN net.thucydides.core.steps.BaseStepListener - stepFinished: current outcome:Registry on the uTest platform:Example: {firstName=Ana, lastName=Medina, email=anamedinavill@gmail.com, dateOfBirth=August-12-1994, city=Bogota, postalCode=123, country=Colombia, computer=Windows, version=XP, lenguage=Spanish, password=AnaMedina12345621, confirmPassword=AnaMedina12345621} [Given that Rose want to subscribe to the uTest platform [Rose open up [Rose opens the Open up page]]]
[Test worker] WARN net.thucydides.core.steps.BaseStepListener - stepStarted: net.thucydides.core.steps.ExecutedStepDescription@5782ceee
[Test worker] WARN net.thucydides.core.steps.BaseStepListener - stepStarted: net.thucydides.core.steps.ExecutedStepDescription@4f9d274d
[Test worker] WARN net.thucydides.core.steps.BaseStepListener - stepFinished: current outcome:Registry on the uTest platform:Example: {firstName=Ana, lastName=Medina, email=anamedinavill@gmail.com, dateOfBirth=August-12-1994, city=Bogota, postalCode=123, country=Colombia, computer=Windows, version=XP, lenguage=Spanish, password=AnaMedina12345621, confirmPassword=AnaMedina12345621} [Given that Rose want to subscribe to the uTest platform [Rose open up [Rose opens the Open up page], Rose go to [Rose clicks on BUTTON JOIN TODAY]]]
[Test worker] WARN net.thucydides.core.steps.BaseStepListener - stepFinished: current outcome:Registry on the uTest platform:Example: {firstName=Ana, lastName=Medina, email=anamedinavill@gmail.com, dateOfBirth=August-12-1994, city=Bogota, postalCode=123, country=Colombia, computer=Windows, version=XP, lenguage=Spanish, password=AnaMedina12345621, confirmPassword=AnaMedina12345621} [Given that Rose want to subscribe to the uTest platform [Rose open up [Rose opens the Open up page], Rose go to [Rose clicks on BUTTON JOIN TODAY]]]
[Test worker] WARN net.thucydides.core.steps.BaseStepListener - stepFinished: current outcome:Registry on the uTest platform:Example: {firstName=Ana, lastName=Medina, email=anamedinavill@gmail.com, dateOfBirth=August-12-1994, city=Bogota, postalCode=123, country=Colombia, computer=Windows, version=XP, lenguage=Spanish, password=AnaMedina12345621, confirmPassword=AnaMedina12345621} [Given that Rose want to subscribe to the uTest platform [Rose open up [Rose opens the Open up page], Rose go to [Rose clicks on BUTTON JOIN TODAY]]]
[Test worker] WARN net.thucydides.core.steps.BaseStepListener - stepStarted: net.thucydides.core.steps.ExecutedStepDescription@41949d75
[Test worker] WARN net.thucydides.core.steps.BaseStepListener - stepStarted: net.thucydides.core.steps.ExecutedStepDescription@1480e549
[Test worker] WARN net.thucydides.core.steps.BaseStepListener - stepStarted: net.thucydides.core.steps.ExecutedStepDescription@2a3db848
[Test worker] WARN net.thucydides.core.steps.BaseStepListener - stepFinished: current outcome:Registry on the uTest platform:Example: {firstName=Ana, lastName=Medina, email=anamedinavill@gmail.com, dateOfBirth=August-12-1994, city=Bogota, postalCode=123, country=Colombia, computer=Windows, version=XP, lenguage=Spanish, password=AnaMedina12345621, confirmPassword=AnaMedina12345621} [Given that Rose want to subscribe to the uTest platform [Rose open up [Rose opens the Open up page], Rose go to [Rose clicks on BUTTON JOIN TODAY]], When she fill out the registration form
| firstName | lastName | email | dateOfBirth | city | postalCode | country | computer | version | lenguage | password | confirmPassword |
| Ana | Medina | anamedinavill@gmail.com | August-12-1994 | Bogota | 123 | Colombia | Windows | XP | Spanish | AnaMedina12345621 | AnaMedina12345621 | [Rose fill [Rose enters 'Ana' into FIELD NAME]]]
[Test worker] WARN net.thucydides.core.steps.BaseStepListener - stepStarted: net.thucydides.core.steps.ExecutedStepDescription@2ca67ee5
[Test worker] WARN net.thucydides.core.steps.BaseStepListener - stepFinished: current outcome:Registry on the uTest platform:Example: {firstName=Ana, lastName=Medina, email=anamedinavill@gmail.com, dateOfBirth=August-12-1994, city=Bogota, postalCode=123, country=Colombia, computer=Windows, version=XP, lenguage=Spanish, password=AnaMedina12345621, confirmPassword=AnaMedina12345621} [Given that Rose want to subscribe to the uTest platform [Rose open up [Rose opens the Open up page], Rose go to [Rose clicks on BUTTON JOIN TODAY]], When she fill out the registration form
| firstName | lastName | email | dateOfBirth | city | postalCode | country | computer | version | lenguage | password | confirmPassword |
| Ana | Medina | anamedinavill@gmail.com | August-12-1994 | Bogota | 123 | Colombia | Windows | XP | Spanish | AnaMedina12345621 | AnaMedina12345621 | [Rose fill [Rose enters 'Ana' into FIELD NAME, Rose enters 'Medina' into FIELD NAME]]]
[Test worker] WARN net.thucydides.core.steps.BaseStepListener - stepStarted: net.thucydides.core.steps.ExecutedStepDescription@3938fdb8
[Test worker] WARN net.thucydides.core.steps.BaseStepListener - stepFinished: current outcome:Registry on the uTest platform:Example: {firstName=Ana, lastName=Medina, email=anamedinavill@gmail.com, dateOfBirth=August-12-1994, city=Bogota, postalCode=123, country=Colombia, computer=Windows, version=XP, lenguage=Spanish, password=AnaMedina12345621, confirmPassword=AnaMedina12345621} [Given that Rose want to subscribe to the uTest platform [Rose open up [Rose opens the Open up page], Rose go to [Rose clicks on BUTTON JOIN TODAY]], When she fill out the registration form
| firstName | lastName | email | dateOfBirth | city | postalCode | country | computer | version | lenguage | password | confirmPassword |
| Ana | Medina | anamedinavill@gmail.com | August-12-1994 | Bogota | 123 | Colombia | Windows | XP | Spanish | AnaMedina12345621 | AnaMedina12345621 | [Rose fill [Rose enters 'Ana' into FIELD NAME, Rose enters 'Medina' into FIELD NAME, Rose enters 'anamedinavill@gmail.com' into FIELD NAME]]]
[Test worker] WARN net.thucydides.core.steps.BaseStepListener - stepStarted: net.thucydides.core.steps.ExecutedStepDescription@4247c5f6
[Test worker] WARN net.thucydides.core.steps.BaseStepListener - stepFinished: current outcome:Registry on the uTest platform:Example: {firstName=Ana, lastName=Medina, email=anamedinavill@gmail.com, dateOfBirth=August-12-1994, city=Bogota, postalCode=123, country=Colombia, computer=Windows, version=XP, lenguage=Spanish, password=AnaMedina12345621, confirmPassword=AnaMedina12345621} [Given that Rose want to subscribe to the uTest platform [Rose open up [Rose opens the Open up page], Rose go to [Rose clicks on BUTTON JOIN TODAY]], When she fill out the registration form
| firstName | lastName | email | dateOfBirth | city | postalCode | country | computer | version | lenguage | password | confirmPassword |
| Ana | Medina | anamedinavill@gmail.com | August-12-1994 | Bogota | 123 | Colombia | Windows | XP | Spanish | AnaMedina12345621 | AnaMedina12345621 | [Rose fill [Rose enters 'Ana' into FIELD NAME, Rose enters 'Medina' into FIELD NAME, Rose enters 'anamedinavill@gmail.com' into FIELD NAME, Rose select August on LIST MONTH]]]
[Test worker] WARN net.thucydides.core.steps.BaseStepListener - stepStarted: net.thucydides.core.steps.ExecutedStepDescription@3d7b7d
[Test worker] WARN net.thucydides.core.steps.BaseStepListener - stepFinished: current outcome:Registry on the uTest platform:Example: {firstName=Ana, lastName=Medina, email=anamedinavill@gmail.com, dateOfBirth=August-12-1994, city=Bogota, postalCode=123, country=Colombia, computer=Windows, version=XP, lenguage=Spanish, password=AnaMedina12345621, confirmPassword=AnaMedina12345621} [Given that Rose want to subscribe to the uTest platform [Rose open up [Rose opens the Open up page], Rose go to [Rose clicks on BUTTON JOIN TODAY]], When she fill out the registration form
| firstName | lastName | email | dateOfBirth | city | postalCode | country | computer | version | lenguage | password | confirmPassword |
| Ana | Medina | anamedinavill@gmail.com | August-12-1994 | Bogota | 123 | Colombia | Windows | XP | Spanish | AnaMedina12345621 | AnaMedina12345621 | [Rose fill [Rose enters 'Ana' into FIELD NAME, Rose enters 'Medina' into FIELD NAME, Rose enters 'anamedinavill@gmail.com' into FIELD NAME, Rose select August on LIST MONTH, Rose select 12 on LIST DAY]]]
[Test worker] WARN net.thucydides.core.steps.BaseStepListener - stepStarted: net.thucydides.core.steps.ExecutedStepDescription@730c8d93
[Test worker] WARN net.thucydides.core.steps.BaseStepListener - stepFinished: current outcome:Registry on the uTest platform:Example: {firstName=Ana, lastName=Medina, email=anamedinavill@gmail.com, dateOfBirth=August-12-1994, city=Bogota, postalCode=123, country=Colombia, computer=Windows, version=XP, lenguage=Spanish, password=AnaMedina12345621, confirmPassword=AnaMedina12345621} [Given that Rose want to subscribe to the uTest platform [Rose open up [Rose opens the Open up page], Rose go to [Rose clicks on BUTTON JOIN TODAY]], When she fill out the registration form
| firstName | lastName | email | dateOfBirth | city | postalCode | country | computer | version | lenguage | password | confirmPassword |
| Ana | Medina | anamedinavill@gmail.com | August-12-1994 | Bogota | 123 | Colombia | Windows | XP | Spanish | AnaMedina12345621 | AnaMedina12345621 | [Rose fill [Rose enters 'Ana' into FIELD NAME, Rose enters 'Medina' into FIELD NAME, Rose enters 'anamedinavill@gmail.com' into FIELD NAME, Rose select August on LIST MONTH, Rose select 12 on LIST DAY, Rose select 1994 on LIST_YEAR]]]
[Test worker] WARN net.thucydides.core.steps.BaseStepListener - stepStarted: net.thucydides.core.steps.ExecutedStepDescription@716731d3
[Test worker] WARN net.thucydides.core.steps.BaseStepListener - stepFinished: current outcome:Registry on the uTest platform:Example: {firstName=Ana, lastName=Medina, email=anamedinavill@gmail.com, dateOfBirth=August-12-1994, city=Bogota, postalCode=123, country=Colombia, computer=Windows, version=XP, lenguage=Spanish, password=AnaMedina12345621, confirmPassword=AnaMedina12345621} [Given that Rose want to subscribe to the uTest platform [Rose open up [Rose opens the Open up page], Rose go to [Rose clicks on BUTTON JOIN TODAY]], When she fill out the registration form
| firstName | lastName | email | dateOfBirth | city | postalCode | country | computer | version | lenguage | password | confirmPassword |
| Ana | Medina | anamedinavill@gmail.com | August-12-1994 | Bogota | 123 | Colombia | Windows | XP | Spanish | AnaMedina12345621 | AnaMedina12345621 | [Rose fill [Rose enters 'Ana' into FIELD NAME, Rose enters 'Medina' into FIELD NAME, Rose enters 'anamedinavill@gmail.com' into FIELD NAME, Rose select August on LIST MONTH, Rose select 12 on LIST DAY, Rose select 1994 on LIST_YEAR, Rose clicks on Button Next Location]]]
[Test worker] WARN net.thucydides.core.steps.BaseStepListener - stepStarted: net.thucydides.core.steps.ExecutedStepDescription@450a984f
[Test worker] WARN net.thucydides.core.steps.BaseStepListener - stepFinished: current outcome:Registry on the uTest platform:Example: {firstName=Ana, lastName=Medina, email=anamedinavill@gmail.com, dateOfBirth=August-12-1994, city=Bogota, postalCode=123, country=Colombia, computer=Windows, version=XP, lenguage=Spanish, password=AnaMedina12345621, confirmPassword=AnaMedina12345621} [Given that Rose want to subscribe to the uTest platform [Rose open up [Rose opens the Open up page], Rose go to [Rose clicks on BUTTON JOIN TODAY]], When she fill out the registration form
| firstName | lastName | email | dateOfBirth | city | postalCode | country | computer | version | lenguage | password | confirmPassword |
| Ana | Medina | anamedinavill@gmail.com | August-12-1994 | Bogota | 123 | Colombia | Windows | XP | Spanish | AnaMedina12345621 | AnaMedina12345621 | [Rose fill [Rose enters 'Ana' into FIELD NAME, Rose enters 'Medina' into FIELD NAME, Rose enters 'anamedinavill@gmail.com' into FIELD NAME, Rose select August on LIST MONTH, Rose select 12 on LIST DAY, Rose select 1994 on LIST_YEAR, Rose clicks on Button Next Location, Rose clears field FIELD CITY ]]]
[Test worker] WARN net.thucydides.core.steps.BaseStepListener - stepStarted: net.thucydides.core.steps.ExecutedStepDescription@2eeff2b0
[Test worker] WARN net.thucydides.core.steps.BaseStepListener - stepFinished: current outcome:Registry on the uTest platform:Example: {firstName=Ana, lastName=Medina, email=anamedinavill@gmail.com, dateOfBirth=August-12-1994, city=Bogota, postalCode=123, country=Colombia, computer=Windows, version=XP, lenguage=Spanish, password=AnaMedina12345621, confirmPassword=AnaMedina12345621} [Given that Rose want to subscribe to the uTest platform [Rose open up [Rose opens the Open up page], Rose go to [Rose clicks on BUTTON JOIN TODAY]], When she fill out the registration form
| firstName | lastName | email | dateOfBirth | city | postalCode | country | computer | version | lenguage | password | confirmPassword |
| Ana | Medina | anamedinavill@gmail.com | August-12-1994 | Bogota | 123 | Colombia | Windows | XP | Spanish | AnaMedina12345621 | AnaMedina12345621 | [Rose fill [Rose enters 'Ana' into FIELD NAME, Rose enters 'Medina' into FIELD NAME, Rose enters 'anamedinavill@gmail.com' into FIELD NAME, Rose select August on LIST MONTH, Rose select 12 on LIST DAY, Rose select 1994 on LIST_YEAR, Rose clicks on Button Next Location, Rose clears field FIELD CITY , Rose enters 'Bogota' into FIELD CITY ]]]
[Test worker] WARN net.thucydides.core.steps.BaseStepListener - stepStarted: net.thucydides.core.steps.ExecutedStepDescription@5383400f
[Test worker] WARN net.thucydides.core.steps.BaseStepListener - stepFinished: current outcome:Registry on the uTest platform:Example: {firstName=Ana, lastName=Medina, email=anamedinavill@gmail.com, dateOfBirth=August-12-1994, city=Bogota, postalCode=123, country=Colombia, computer=Windows, version=XP, lenguage=Spanish, password=AnaMedina12345621, confirmPassword=AnaMedina12345621} [Given that Rose want to subscribe to the uTest platform [Rose open up [Rose opens the Open up page], Rose go to [Rose clicks on BUTTON JOIN TODAY]], When she fill out the registration form
| firstName | lastName | email | dateOfBirth | city | postalCode | country | computer | version | lenguage | password | confirmPassword |
| Ana | Medina | anamedinavill@gmail.com | August-12-1994 | Bogota | 123 | Colombia | Windows | XP | Spanish | AnaMedina12345621 | AnaMedina12345621 | [Rose fill [Rose enters 'Ana' into FIELD NAME, Rose enters 'Medina' into FIELD NAME, Rose enters 'anamedinavill@gmail.com' into FIELD NAME, Rose select August on LIST MONTH, Rose select 12 on LIST DAY, Rose select 1994 on LIST_YEAR, Rose clicks on Button Next Location, Rose clears field FIELD CITY , Rose enters 'Bogota' into FIELD CITY , Rose clicks on LIST_CITY]]]
[Test worker] WARN net.thucydides.core.steps.BaseStepListener - stepStarted: net.thucydides.core.steps.ExecutedStepDescription@372a421d
[Test worker] WARN net.thucydides.core.steps.BaseStepListener - stepFinished: current outcome:Registry on the uTest platform:Example: {firstName=Ana, lastName=Medina, email=anamedinavill@gmail.com, dateOfBirth=August-12-1994, city=Bogota, postalCode=123, country=Colombia, computer=Windows, version=XP, lenguage=Spanish, password=AnaMedina12345621, confirmPassword=AnaMedina12345621} [Given that Rose want to subscribe to the uTest platform [Rose open up [Rose opens the Open up page], Rose go to [Rose clicks on BUTTON JOIN TODAY]], When she fill out the registration form
| firstName | lastName | email | dateOfBirth | city | postalCode | country | computer | version | lenguage | password | confirmPassword |
| Ana | Medina | anamedinavill@gmail.com | August-12-1994 | Bogota | 123 | Colombia | Windows | XP | Spanish | AnaMedina12345621 | AnaMedina12345621 | [Rose fill [Rose enters 'Ana' into FIELD NAME, Rose enters 'Medina' into FIELD NAME, Rose enters 'anamedinavill@gmail.com' into FIELD NAME, Rose select August on LIST MONTH, Rose select 12 on LIST DAY, Rose select 1994 on LIST_YEAR, Rose clicks on Button Next Location, Rose clears field FIELD CITY , Rose enters 'Bogota' into FIELD CITY , Rose clicks on LIST_CITY, Rose enters '123' into FIELD POSTAL CODE]]]
[Test worker] WARN net.thucydides.core.steps.BaseStepListener - stepStarted: net.thucydides.core.steps.ExecutedStepDescription@3185bcdd
[Test worker] WARN net.thucydides.core.steps.BaseStepListener - stepFinished: current outcome:Registry on the uTest platform:Example: {firstName=Ana, lastName=Medina, email=anamedinavill@gmail.com, dateOfBirth=August-12-1994, city=Bogota, postalCode=123, country=Colombia, computer=Windows, version=XP, lenguage=Spanish, password=AnaMedina12345621, confirmPassword=AnaMedina12345621} [Given that Rose want to subscribe to the uTest platform [Rose open up [Rose opens the Open up page], Rose go to [Rose clicks on BUTTON JOIN TODAY]], When she fill out the registration form
| firstName | lastName | email | dateOfBirth | city | postalCode | country | computer | version | lenguage | password | confirmPassword |
| Ana | Medina | anamedinavill@gmail.com | August-12-1994 | Bogota | 123 | Colombia | Windows | XP | Spanish | AnaMedina12345621 | AnaMedina12345621 | [Rose fill [Rose enters 'Ana' into FIELD NAME, Rose enters 'Medina' into FIELD NAME, Rose enters 'anamedinavill@gmail.com' into FIELD NAME, Rose select August on LIST MONTH, Rose select 12 on LIST DAY, Rose select 1994 on LIST_YEAR, Rose clicks on Button Next Location, Rose clears field FIELD CITY , Rose enters 'Bogota' into FIELD CITY , Rose clicks on LIST_CITY, Rose enters '123' into FIELD POSTAL CODE, Rose clicks on LIST COUNTRY]]]
[Test worker] WARN net.thucydides.core.steps.BaseStepListener - stepStarted: net.thucydides.core.steps.ExecutedStepDescription@523d268e
[Test worker] WARN net.thucydides.core.steps.BaseStepListener - stepFinished: current outcome:Registry on the uTest platform:Example: {firstName=Ana, lastName=Medina, email=anamedinavill@gmail.com, dateOfBirth=August-12-1994, city=Bogota, postalCode=123, country=Colombia, computer=Windows, version=XP, lenguage=Spanish, password=AnaMedina12345621, confirmPassword=AnaMedina12345621} [Given that Rose want to subscribe to the uTest platform [Rose open up [Rose opens the Open up page], Rose go to [Rose clicks on BUTTON JOIN TODAY]], When she fill out the registration form
| firstName | lastName | email | dateOfBirth | city | postalCode | country | computer | version | lenguage | password | confirmPassword |
| Ana | Medina | anamedinavill@gmail.com | August-12-1994 | Bogota | 123 | Colombia | Windows | XP | Spanish | AnaMedina12345621 | AnaMedina12345621 | [Rose fill [Rose enters 'Ana' into FIELD NAME, Rose enters 'Medina' into FIELD NAME, Rose enters 'anamedinavill@gmail.com' into FIELD NAME, Rose select August on LIST MONTH, Rose select 12 on LIST DAY, Rose select 1994 on LIST_YEAR, Rose clicks on Button Next Location, Rose clears field FIELD CITY , Rose enters 'Bogota' into FIELD CITY , Rose clicks on LIST_CITY, Rose enters '123' into FIELD POSTAL CODE, Rose clicks on LIST COUNTRY, Rose enters 'Colombia' into SELECT LIST COUNTRY]]]
[Test worker] WARN net.thucydides.core.steps.BaseStepListener - stepStarted: net.thucydides.core.steps.ExecutedStepDescription@5a3a7410
[Test worker] WARN net.thucydides.core.steps.BaseStepListener - stepFinished: current outcome:Registry on the uTest platform:Example: {firstName=Ana, lastName=Medina, email=anamedinavill@gmail.com, dateOfBirth=August-12-1994, city=Bogota, postalCode=123, country=Colombia, computer=Windows, version=XP, lenguage=Spanish, password=AnaMedina12345621, confirmPassword=AnaMedina12345621} [Given that Rose want to subscribe to the uTest platform [Rose open up [Rose opens the Open up page], Rose go to [Rose clicks on BUTTON JOIN TODAY]], When she fill out the registration form
| firstName | lastName | email | dateOfBirth | city | postalCode | country | computer | version | lenguage | password | confirmPassword |
| Ana | Medina | anamedinavill@gmail.com | August-12-1994 | Bogota | 123 | Colombia | Windows | XP | Spanish | AnaMedina12345621 | AnaMedina12345621 | [Rose fill [Rose enters 'Ana' into FIELD NAME, Rose enters 'Medina' into FIELD NAME, Rose enters 'anamedinavill@gmail.com' into FIELD NAME, Rose select August on LIST MONTH, Rose select 12 on LIST DAY, Rose select 1994 on LIST_YEAR, Rose clicks on Button Next Location, Rose clears field FIELD CITY , Rose enters 'Bogota' into FIELD CITY , Rose clicks on LIST_CITY, Rose enters '123' into FIELD POSTAL CODE, Rose clicks on LIST COUNTRY, Rose enters 'Colombia' into SELECT LIST COUNTRY, Rose clicks on BUTTON_NEXT_DEVICES]]]
[Test worker] WARN net.thucydides.core.steps.BaseStepListener - stepFinished: current outcome:Registry on the uTest platform:Example: {firstName=Ana, lastName=Medina, email=anamedinavill@gmail.com, dateOfBirth=August-12-1994, city=Bogota, postalCode=123, country=Colombia, computer=Windows, version=XP, lenguage=Spanish, password=AnaMedina12345621, confirmPassword=AnaMedina12345621} [Given that Rose want to subscribe to the uTest platform [Rose open up [Rose opens the Open up page], Rose go to [Rose clicks on BUTTON JOIN TODAY]], When she fill out the registration form
| firstName | lastName | email | dateOfBirth | city | postalCode | country | computer | version | lenguage | password | confirmPassword |
| Ana | Medina | anamedinavill@gmail.com | August-12-1994 | Bogota | 123 | Colombia | Windows | XP | Spanish | AnaMedina12345621 | AnaMedina12345621 | [Rose fill [Rose enters 'Ana' into FIELD NAME, Rose enters 'Medina' into FIELD NAME, Rose enters 'anamedinavill@gmail.com' into FIELD NAME, Rose select August on LIST MONTH, Rose select 12 on LIST DAY, Rose select 1994 on LIST_YEAR, Rose clicks on Button Next Location, Rose clears field FIELD CITY , Rose enters 'Bogota' into FIELD CITY , Rose clicks on LIST_CITY, Rose enters '123' into FIELD POSTAL CODE, Rose clicks on LIST COUNTRY, Rose enters 'Colombia' into SELECT LIST COUNTRY, Rose clicks on BUTTON_NEXT_DEVICES]]]
[Test worker] WARN net.thucydides.core.steps.BaseStepListener - stepFinished: current outcome:Registry on the uTest platform:Example: {firstName=Ana, lastName=Medina, email=anamedinavill@gmail.com, dateOfBirth=August-12-1994, city=Bogota, postalCode=123, country=Colombia, computer=Windows, version=XP, lenguage=Spanish, password=AnaMedina12345621, confirmPassword=AnaMedina12345621} [Given that Rose want to subscribe to the uTest platform [Rose open up [Rose opens the Open up page], Rose go to [Rose clicks on BUTTON JOIN TODAY]], When she fill out the registration form
| firstName | lastName | email | dateOfBirth | city | postalCode | country | computer | version | lenguage | password | confirmPassword |
| Ana | Medina | anamedinavill@gmail.com | August-12-1994 | Bogota | 123 | Colombia | Windows | XP | Spanish | AnaMedina12345621 | AnaMedina12345621 | [Rose fill [Rose enters 'Ana' into FIELD NAME, Rose enters 'Medina' into FIELD NAME, Rose enters 'anamedinavill@gmail.com' into FIELD NAME, Rose select August on LIST MONTH, Rose select 12 on LIST DAY, Rose select 1994 on LIST_YEAR, Rose clicks on Button Next Location, Rose clears field FIELD CITY , Rose enters 'Bogota' into FIELD CITY , Rose clicks on LIST_CITY, Rose enters '123' into FIELD POSTAL CODE, Rose clicks on LIST COUNTRY, Rose enters 'Colombia' into SELECT LIST COUNTRY, Rose clicks on BUTTON_NEXT_DEVICES]]]
[Test worker] WARN net.thucydides.core.steps.BaseStepListener - stepStarted: net.thucydides.core.steps.ExecutedStepDescription@5015df8f
[Test worker] WARN net.thucydides.core.steps.BaseStepListener - stepFinished: current outcome:Registry on the uTest platform:Example: {firstName=Ana, lastName=Medina, email=anamedinavill@gmail.com, dateOfBirth=August-12-1994, city=Bogota, postalCode=123, country=Colombia, computer=Windows, version=XP, lenguage=Spanish, password=AnaMedina12345621, confirmPassword=AnaMedina12345621} [Given that Rose want to subscribe to the uTest platform [Rose open up [Rose opens the Open up page], Rose go to [Rose clicks on BUTTON JOIN TODAY]], When she fill out the registration form
| firstName | lastName | email | dateOfBirth | city | postalCode | country | computer | version | lenguage | password | confirmPassword |
| Ana | Medina | anamedinavill@gmail.com | August-12-1994 | Bogota | 123 | Colombia | Windows | XP | Spanish | AnaMedina12345621 | AnaMedina12345621 | [Rose fill [Rose enters 'Ana' into FIELD NAME, Rose enters 'Medina' into FIELD NAME, Rose enters 'anamedinavill@gmail.com' into FIELD NAME, Rose select August on LIST MONTH, Rose select 12 on LIST DAY, Rose select 1994 on LIST_YEAR, Rose clicks on Button Next Location, Rose clears field FIELD CITY , Rose enters 'Bogota' into FIELD CITY , Rose clicks on LIST_CITY, Rose enters '123' into FIELD POSTAL CODE, Rose clicks on LIST COUNTRY, Rose enters 'Colombia' into SELECT LIST COUNTRY, Rose clicks on BUTTON_NEXT_DEVICES]], Then finds the message called The Last Step]
[Test worker] WARN net.thucydides.core.steps.BaseStepListener - stepFinished: current outcome:Registry on the uTest platform:Example: {firstName=Ana, lastName=Medina, email=anamedinavill@gmail.com, dateOfBirth=August-12-1994, city=Bogota, postalCode=123, country=Colombia, computer=Windows, version=XP, lenguage=Spanish, password=AnaMedina12345621, confirmPassword=AnaMedina12345621} [Given that Rose want to subscribe to the uTest platform [Rose open up [Rose opens the Open up page], Rose go to [Rose clicks on BUTTON JOIN TODAY]], When she fill out the registration form
| firstName | lastName | email | dateOfBirth | city | postalCode | country | computer | version | lenguage | password | confirmPassword |
| Ana | Medina | anamedinavill@gmail.com | August-12-1994 | Bogota | 123 | Colombia | Windows | XP | Spanish | AnaMedina12345621 | AnaMedina12345621 | [Rose fill [Rose enters 'Ana' into FIELD NAME, Rose enters 'Medina' into FIELD NAME, Rose enters 'anamedinavill@gmail.com' into FIELD NAME, Rose select August on LIST MONTH, Rose select 12 on LIST DAY, Rose select 1994 on LIST_YEAR, Rose clicks on Button Next Location, Rose clears field FIELD CITY , Rose enters 'Bogota' into FIELD CITY , Rose clicks on LIST_CITY, Rose enters '123' into FIELD POSTAL CODE, Rose clicks on LIST COUNTRY, Rose enters 'Colombia' into SELECT LIST COUNTRY, Rose clicks on BUTTON_NEXT_DEVICES]], Then finds the message called The Last Step]
[Test worker] WARN net.thucydides.core.steps.BaseStepListener - testFinished: Registry on the uTest platform:Example: {firstName=Ana, lastName=Medina, email=anamedinavill@gmail.com, dateOfBirth=August-12-1994, city=Bogota, postalCode=123, country=Colombia, computer=Windows, version=XP, lenguage=Spanish, password=AnaMedina12345621, confirmPassword=AnaMedina12345621} [Given that Rose want to subscribe to the uTest platform [Rose open up [Rose opens the Open up page], Rose go to [Rose clicks on BUTTON JOIN TODAY]], When she fill out the registration form
| firstName | lastName | email | dateOfBirth | city | postalCode | country | computer | version | lenguage | password | confirmPassword |
| Ana | Medina | anamedinavill@gmail.com | August-12-1994 | Bogota | 123 | Colombia | Windows | XP | Spanish | AnaMedina12345621 | AnaMedina12345621 | [Rose fill [Rose enters 'Ana' into FIELD NAME, Rose enters 'Medina' into FIELD NAME, Rose enters 'anamedinavill@gmail.com' into FIELD NAME, Rose select August on LIST MONTH, Rose select 12 on LIST DAY, Rose select 1994 on LIST_YEAR, Rose clicks on Button Next Location, Rose clears field FIELD CITY , Rose enters 'Bogota' into FIELD CITY , Rose clicks on LIST_CITY, Rose enters '123' into FIELD POSTAL CODE, Rose clicks on LIST COUNTRY, Rose enters 'Colombia' into SELECT LIST COUNTRY, Rose clicks on BUTTON_NEXT_DEVICES]], Then finds the message called The Last Step]
[Test worker] WARN net.thucydides.core.steps.BaseStepListener - TestOutcomes: [Registry on the uTest platform:Example: {firstName=Ana, lastName=Medina, email=anamedinavill@gmail.com, dateOfBirth=August-12-1994, city=Bogota, postalCode=123, country=Colombia, computer=Windows, version=XP, lenguage=Spanish, password=AnaMedina12345621, confirmPassword=AnaMedina12345621} [Given that Rose want to subscribe to the uTest platform [Rose open up [Rose opens the Open up page], Rose go to [Rose clicks on BUTTON JOIN TODAY]], When she fill out the registration form
| firstName | lastName | email | dateOfBirth | city | postalCode | country | computer | version | lenguage | password | confirmPassword |
| Ana | Medina | anamedinavill@gmail.com | August-12-1994 | Bogota | 123 | Colombia | Windows | XP | Spanish | AnaMedina12345621 | AnaMedina12345621 | [Rose fill [Rose enters 'Ana' into FIELD NAME, Rose enters 'Medina' into FIELD NAME, Rose enters 'anamedinavill@gmail.com' into FIELD NAME, Rose select August on LIST MONTH, Rose select 12 on LIST DAY, Rose select 1994 on LIST_YEAR, Rose clicks on Button Next Location, Rose clears field FIELD CITY , Rose enters 'Bogota' into FIELD CITY , Rose clicks on LIST_CITY, Rose enters '123' into FIELD POSTAL CODE, Rose clicks on LIST COUNTRY, Rose enters 'Colombia' into SELECT LIST COUNTRY, Rose clicks on BUTTON_NEXT_DEVICES]], Then finds the message called The Last Step]]
[Test worker] WARN net.thucydides.core.steps.BaseStepListener - Final testOutcomes: [Registry on the uTest platform:Example: {firstName=Ana, lastName=Medina, email=anamedinavill@gmail.com, dateOfBirth=August-12-1994, city=Bogota, postalCode=123, country=Colombia, computer=Windows, version=XP, lenguage=Spanish, password=AnaMedina12345621, confirmPassword=AnaMedina12345621} [Given that Rose want to subscribe to the uTest platform [Rose open up [Rose opens the Open up page], Rose go to [Rose clicks on BUTTON JOIN TODAY]], When she fill out the registration form
| firstName | lastName | email | dateOfBirth | city | postalCode | country | computer | version | lenguage | password | confirmPassword |
| Ana | Medina | anamedinavill@gmail.com | August-12-1994 | Bogota | 123 | Colombia | Windows | XP | Spanish | AnaMedina12345621 | AnaMedina12345621 | [Rose fill [Rose enters 'Ana' into FIELD NAME, Rose enters 'Medina' into FIELD NAME, Rose enters 'anamedinavill@gmail.com' into FIELD NAME, Rose select August on LIST MONTH, Rose select 12 on LIST DAY, Rose select 1994 on LIST_YEAR, Rose clicks on Button Next Location, Rose clears field FIELD CITY , Rose enters 'Bogota' into FIELD CITY , Rose clicks on LIST_CITY, Rose enters '123' into FIELD POSTAL CODE, Rose clicks on LIST COUNTRY, Rose enters 'Colombia' into SELECT LIST COUNTRY, Rose clicks on BUTTON_NEXT_DEVICES]], Then finds the message called The Last Step]]
[Test worker] INFO net.thucydides.core.steps.ConsoleLoggingListener - 
        __    _____ _____ ____ _____   ____   _    ____  ____  _____ ____  
  _     \ \  |_   _| ____/ ___|_   _| |  _ \ / \  / ___|/ ___|| ____|  _ \ 
 (_)_____| |   | | |  _| \___ \ | |   | |_) / _ \ \___ \\___ \|  _| | | | |
  _|_____| |   | | | |___ ___) || |   |  __/ ___ \ ___) |___) | |___| |_| |
 (_)     | |   |_| |_____|____/ |_|   |_| /_/   \_\____/|____/|_____|____/ 
        /_/                                                                

TEST PASSED: Registry on the uTest platform
----------------------------------------------------------------------------
]]></system-err>
</testsuite>
